Start testing: Aug 19 22:41 UTC
----------------------------------------------------------
1/7 Testing: test_version
1/7 Test: test_version
Command: "/workspace/cpp/build/test_version"
Directory: /workspace/cpp/build
"test_version" start time: Aug 19 22:41 UTC
Output:
----------------------------------------------------------
PASS: version = 0.1.0
<end of output>
Test time =   0.00 sec
----------------------------------------------------------
Test Passed.
"test_version" end time: Aug 19 22:41 UTC
"test_version" time elapsed: 00:00:00
----------------------------------------------------------

2/7 Testing: test_rng
2/7 Test: test_rng
Command: "/workspace/cpp/build/test_rng"
Directory: /workspace/cpp/build
"test_rng" start time: Aug 19 22:41 UTC
Output:
----------------------------------------------------------
=== RNG Tests ===

--- Golden Value Tests ---
Running test_seed42_next_int... PASSED
Running test_seed42_next_float... PASSED
Running test_seed123_next_int... PASSED
Running test_seed123_next_float... PASSED
Running test_seed2026_next_int... PASSED
Running test_seed2026_next_float... PASSED

--- Determinism Tests ---
Running test_same_seed_same_sequence... PASSED
Running test_zero_seed... PASSED
Running test_negative_seed... PASSED
Running test_large_seed... PASSED

--- next_int Tests ---
Running test_next_int_range... PASSED

--- next_float Tests ---
Running test_next_float_range... PASSED

--- randint Tests ---
Running test_randint_range... PASSED
Running test_randint_single_value... PASSED
Running test_randint_invalid_range... PASSED

--- choice Tests ---
Running test_choice_from_vector... PASSED
Running test_choice_from_string... PASSED
Running test_choice_empty_vector... PASSED
Running test_choice_deterministic... PASSED

--- gauss Tests ---
Running test_gauss_returns_finite... PASSED
Running test_gauss_mean_approximation... PASSED
Running test_gauss_invalid_sigma... PASSED
Running test_gauss_deterministic... PASSED

--- shuffle Tests ---
Running test_shuffle_preserves_elements... PASSED
Running test_shuffle_deterministic... PASSED
Running test_shuffle_empty_list... PASSED
Running test_shuffle_single_element... PASSED

--- copy Tests ---
Running test_copy_same_state... PASSED
Running test_copy_independent... PASSED

--- get_state/set_state Tests ---
Running test_get_set_state... PASSED

--- uniform Tests ---
Running test_uniform_range... PASSED
Running test_uniform_deterministic... PASSED

=== Test Summary ===
Passed: 32
Failed: 0
<end of output>
Test time =   0.00 sec
----------------------------------------------------------
Test Passed.
"test_rng" end time: Aug 19 22:41 UTC
"test_rng" time elapsed: 00:00:00
----------------------------------------------------------

3/7 Testing: test_math_utils
3/7 Test: test_math_utils
Command: "/workspace/cpp/build/test_math_utils"
Directory: /workspace/cpp/build
"test_math_utils" start time: Aug 19 22:41 UTC
Output:
----------------------------------------------------------
=== Math Utils Tests ===

--- Clamp Tests ---
Running test_clamp_int_within_range... PASSED
Running test_clamp_int_below_min... PASSED
Running test_clamp_int_above_max... PASSED
Running test_clamp_float_within_range... PASSED
Running test_clamp_float_below_min... PASSED
Running test_clamp_float_above_max... PASSED
Running test_clamp_double_precision... PASSED
Running test_clamp_negative_range... PASSED
Running test_clamp_equal_min_max... PASSED

--- Normalize Angle Tests ---
Running test_normalize_angle_zero... PASSED
Running test_normalize_angle_pi... PASSED
Running test_normalize_angle_negative_pi... PASSED
Running test_normalize_angle_two_pi... PASSED
Running test_normalize_angle_negative_two_pi... PASSED
Running test_normalize_angle_three_pi... PASSED
Running test_normalize_angle_negative_three_pi... PASSED
Running test_normalize_angle_positive_small... PASSED
Running test_normalize_angle_negative_small... PASSED
Running test_normalize_angle_large_positive... PASSED
Running test_normalize_angle_large_negative... PASSED
Running test_normalize_angle_quarter_turns... PASSED
Running test_normalize_angle_result_in_range... PASSED

=== Test Summary ===
Passed: 22
Failed: 0
<end of output>
Test time =   0.00 sec
----------------------------------------------------------
Test Passed.
"test_math_utils" end time: Aug 19 22:41 UTC
"test_math_utils" time elapsed: 00:00:00
----------------------------------------------------------

4/7 Testing: test_genome
4/7 Test: test_genome
Command: "/workspace/cpp/build/test_genome"
Directory: /workspace/cpp/build
"test_genome" start time: Aug 19 22:41 UTC
Output:
----------------------------------------------------------
=== Genome Tests ===

--- Structure Tests ---
Running test_genome_keys_not_empty... PASSED
Running test_bounds_contains_all_keys... PASSED
Running test_mut_scale_computed... PASSED

--- Creation Tests ---
Running test_genome_creation_with_seed... PASSED
Running test_genome_same_seed_same_result... PASSED

--- Mutation Tests ---
Running test_mutation_keeps_bounds... PASSED
Running test_mutation_same_seed_same_result... PASSED

--- Crossover Tests ---
Running test_crossover_creates_valid_genome... PASSED
Running test_crossover_same_seed_same_result... PASSED

--- Lifecycle Tests ---
Running test_full_lifecycle_determinism... PASSED

--- Similarity Tests ---
Running test_genome_similarity_range... PASSED
Running test_genome_similarity_identical... PASSED
Running test_genome_similarity_different... PASSED
Running test_genome_similarity_same_object... PASSED

--- Tribal Tags Tests ---
Running test_tribal_tags_inheritance... PASSED

--- n_hidden Bounds Tests ---
Running test_n_hidden_bounds... PASSED

--- Accessor Tests ---
Running test_get_method... PASSED
Running test_operator_bracket... PASSED

=== Test Summary ===
Passed: 18
Failed: 0
<end of output>
Test time =   0.00 sec
----------------------------------------------------------
Test Passed.
"test_genome" end time: Aug 19 22:41 UTC
"test_genome" time elapsed: 00:00:00
----------------------------------------------------------

5/7 Testing: test_hormones
5/7 Test: test_hormones
Command: "/workspace/cpp/build/test_hormones"
Directory: /workspace/cpp/build
"test_hormones" start time: Aug 19 22:41 UTC
Output:
----------------------------------------------------------
=== Hormones Tests ===

Test: Initial state... PASSED
Test: Update sequence (10 steps)... PASSED
Test: Effects calculation... PASSED
Test: Hormones stay in bounds... PASSED
Test: No NaN after 1000 updates... PASSED
Test: Depression and breakdown rules... PASSED
Test: get_mood()... PASSED

All tests PASSED!
<end of output>
Test time =   0.04 sec
----------------------------------------------------------
Test Passed.
"test_hormones" end time: Aug 19 22:41 UTC
"test_hormones" time elapsed: 00:00:00
----------------------------------------------------------

6/7 Testing: test_brain
6/7 Test: test_brain
Command: "/workspace/cpp/build/test_brain"
Directory: /workspace/cpp/build
"test_brain" start time: Aug 19 22:41 UTC
Output:
----------------------------------------------------------
=== Brain Tests ===
Test: output size... PASSED
Test: no NaN after 1000 steps... PASSED
Test: determinism with same seed... PASSED
Test: parent weight inheritance... PASSED
Test: step returns OUTPUT_SIZE values... PASSED

=== All tests PASSED ===
<end of output>
Test time =   0.96 sec
----------------------------------------------------------
Test Passed.
"test_brain" end time: Aug 19 22:41 UTC
"test_brain" time elapsed: 00:00:00
----------------------------------------------------------

7/7 Testing: test_api
7/7 Test: test_api
Command: "/workspace/cpp/build/test_api"
Directory: /workspace/cpp/build
"test_api" start time: Aug 19 22:41 UTC
Output:
----------------------------------------------------------
=== ALife C API Tests ===

Running test_world_create_destroy... PASS
Running test_seed_and_reset... PASS
Running test_world_step... PASS
Running test_full_integration... PASS
Running test_agent_count... PASS
Running test_get_agents... PASS
Running test_food_count... PASS
Running test_get_foods... PASS
Running test_agent_reward... PASS
Running test_agent_punish... PASS
Running test_spawn_food... PASS
Running test_buffer_edge_cases... PASS

=== Test Summary ===
Passed: 12
Failed: 0
Total:  12
<end of output>
Test time =  18.23 sec
----------------------------------------------------------
Test Passed.
"test_api" end time: Aug 19 22:41 UTC
"test_api" time elapsed: 00:00:18
----------------------------------------------------------

End testing: Aug 19 22:41 UTC
